[26-03-26 19:36:04] [INFO] [cli] [cli.c:694] CLI exited
[26-03-26 19:35:32] [INFO] [cli] [cli.c:665] CLI started
[26-03-26 19:53:56] [INFO] [cli] [cli.c:694] CLI exited
[26-03-26 19:52:40] [INFO] [cli] [cli.c:665] CLI started
[26-03-26 20:01:40] [INFO] [cli] [cli.c:694] CLI exited
[26-03-26 19:54:25] [INFO] [cli] [cli.c:665] CLI started
[26-03-26 20:25:26] [INFO] [port_mgr] [port_manager.c:29] Initialized ports
[26-03-26 20:25:26] [INFO] [port_mgr] [port_manager.c:185] MY TEST LOG
[26-03-26 20:25:26] [INFO] [conn_mgr] [conn_manager.c:13] Initialize connection table
[26-03-26 20:25:26] [INFO] [traffic_mgr] [traffic_manager.c:16] Traffic stats initialized
[26-03-26 20:25:30] [INFO] [cli] [cli.c:665] CLI started
[26-03-26 20:25:32] [DEBUG] [port_mgr] [port_manager.c:108] MSG_GET_PORT_INFO: Returning info for port_idx-0
[26-03-26 20:25:32] [DEBUG] [port_mgr] [port_manager.c:108] MSG_GET_PORT_INFO: Returning info for port_idx-1
[26-03-26 20:25:32] [DEBUG] [port_mgr] [port_manager.c:108] MSG_GET_PORT_INFO: Returning info for port_idx-2
[26-03-26 20:25:32] [DEBUG] [port_mgr] [port_manager.c:108] MSG_GET_PORT_INFO: Returning info for port_idx-3
[26-03-26 20:25:32] [DEBUG] [port_mgr] [port_manager.c:108] MSG_GET_PORT_INFO: Returning info for port_idx-4
[26-03-26 20:25:32] [DEBUG] [port_mgr] [port_manager.c:108] MSG_GET_PORT_INFO: Returning info for port_idx-5
[26-03-26 20:26:02] [INFO] [port_mgr] [port_manager.c:73] port_idx=0 oper_state changed: DOWN -> UP (admin=enabled fault=none)
[26-03-26 20:26:02] [DEBUG] [port_mgr] [port_manager.c:61] Notified conn-mgr: port_idx=0, operational_state=UP
[26-03-26 20:26:02] [INFO] [port_mgr] [port_manager.c:134] Port admin-enabled: port_idx=0
[26-03-26 20:26:02] [INFO] [conn_mgr] [conn_manager.c:63] Port-1 operational_state changed to UP
[26-03-26 20:26:05] [DEBUG] [port_mgr] [port_manager.c:108] MSG_GET_PORT_INFO: Returning info for port_idx-0
[26-03-26 20:26:05] [DEBUG] [port_mgr] [port_manager.c:108] MSG_GET_PORT_INFO: Returning info for port_idx-1
[26-03-26 20:26:05] [DEBUG] [port_mgr] [port_manager.c:108] MSG_GET_PORT_INFO: Returning info for port_idx-2
[26-03-26 20:26:05] [DEBUG] [port_mgr] [port_manager.c:108] MSG_GET_PORT_INFO: Returning info for port_idx-3
[26-03-26 20:26:05] [DEBUG] [port_mgr] [port_manager.c:108] MSG_GET_PORT_INFO: Returning info for port_idx-4
[26-03-26 20:26:05] [DEBUG] [port_mgr] [port_manager.c:108] MSG_GET_PORT_INFO: Returning info for port_idx-5
[26-03-26 20:52:12] [INFO] [port_mgr] [port_manager.c:30] Initialized ports
[26-03-26 20:52:12] [INFO] [conn_mgr] [conn_manager.c:13] Initialize connection table
[26-03-26 20:52:12] [INFO] [traffic_mgr] [traffic_manager.c:16] Traffic stats initialized
[26-03-26 20:52:17] [INFO] [port_mgr] [port_manager.c:189] My CRON JOB YIPPEE
[26-03-26 20:52:22] [INFO] [port_mgr] [port_manager.c:189] My CRON JOB YIPPEE
[26-03-26 20:52:27] [INFO] [port_mgr] [port_manager.c:189] My CRON JOB YIPPEE
[26-03-26 20:52:32] [INFO] [port_mgr] [port_manager.c:189] My CRON JOB YIPPEE
[26-03-26 20:52:37] [INFO] [port_mgr] [port_manager.c:189] My CRON JOB YIPPEE
[26-03-26 20:52:40] [INFO] [port_mgr] [port_manager.c:32] Initialized ports
[26-03-26 20:52:40] [INFO] [conn_mgr] [conn_manager.c:13] Initialize connection table
[26-03-26 20:52:40] [INFO] [traffic_mgr] [traffic_manager.c:16] Traffic stats initialized
[26-03-26 20:52:45] [INFO] [port_mgr] [port_manager.c:191] My CRON JOB YIPPEE
[26-03-26 20:52:50] [INFO] [port_mgr] [port_manager.c:191] My CRON JOB YIPPEE
[26-03-26 20:52:55] [INFO] [port_mgr] [port_manager.c:191] My CRON JOB YIPPEE
[26-03-26 20:53:00] [INFO] [port_mgr] [port_manager.c:191] My CRON JOB YIPPEE
[26-03-26 20:53:05] [INFO] [port_mgr] [port_manager.c:191] My CRON JOB YIPPEE
[26-03-26 20:53:10] [INFO] [port_mgr] [port_manager.c:191] My CRON JOB YIPPEE
[26-03-26 20:53:15] [INFO] [port_mgr] [port_manager.c:191] My CRON JOB YIPPEE
[26-03-26 20:53:20] [INFO] [port_mgr] [port_manager.c:191] My CRON JOB YIPPEE
[26-03-26 20:53:25] [INFO] [port_mgr] [port_manager.c:33] Initialized ports
[26-03-26 20:53:25] [INFO] [conn_mgr] [conn_manager.c:13] Initialize connection table
[26-03-26 20:53:25] [INFO] [traffic_mgr] [traffic_manager.c:16] Traffic stats initialized
[26-03-26 20:53:29] [INFO] [cli] [cli.c:665] CLI started
[26-03-26 20:53:30] [INFO] [port_mgr] [port_manager.c:192] My CRON JOB YIPPEE
[26-03-26 20:53:35] [INFO] [port_mgr] [port_manager.c:192] My CRON JOB YIPPEE
[26-03-26 20:53:40] [INFO] [port_mgr] [port_manager.c:192] My CRON JOB YIPPEE
[26-03-26 20:53:45] [INFO] [port_mgr] [port_manager.c:192] My CRON JOB YIPPEE
[26-03-26 20:53:50] [INFO] [port_mgr] [port_manager.c:192] My CRON JOB YIPPEE
[26-03-26 20:53:55] [INFO] [port_mgr] [port_manager.c:192] My CRON JOB YIPPEE
[26-03-26 20:54:00] [INFO] [port_mgr] [port_manager.c:192] My CRON JOB YIPPEE
[26-03-26 20:54:05] [INFO] [port_mgr] [port_manager.c:192] My CRON JOB YIPPEE
[26-03-26 20:54:10] [INFO] [port_mgr] [port_manager.c:192] My CRON JOB YIPPEE
[26-03-26 20:54:15] [INFO] [port_mgr] [port_manager.c:192] My CRON JOB YIPPEE
[26-03-26 20:54:20] [INFO] [port_mgr] [port_manager.c:192] My CRON JOB YIPPEE
[26-03-26 20:54:25] [INFO] [port_mgr] [port_manager.c:192] My CRON JOB YIPPEE
[26-03-26 20:54:30] [INFO] [port_mgr] [port_manager.c:192] My CRON JOB YIPPEE
[26-03-26 20:54:35] [INFO] [port_mgr] [port_manager.c:192] My CRON JOB YIPPEE
[26-03-26 20:54:40] [INFO] [port_mgr] [port_manager.c:192] My CRON JOB YIPPEE
[26-03-26 20:54:45] [INFO] [port_mgr] [port_manager.c:192] My CRON JOB YIPPEE
[26-03-26 20:54:50] [INFO] [port_mgr] [port_manager.c:192] My CRON JOB YIPPEE
[26-03-26 20:54:55] [INFO] [port_mgr] [port_manager.c:192] My CRON JOB YIPPEE
[26-03-26 20:55:00] [INFO] [port_mgr] [port_manager.c:192] My CRON JOB YIPPEE
[26-03-26 20:55:05] [INFO] [port_mgr] [port_manager.c:192] My CRON JOB YIPPEE
[26-03-26 20:55:10] [INFO] [port_mgr] [port_manager.c:192] My CRON JOB YIPPEE
[26-03-26 20:55:15] [INFO] [port_mgr] [port_manager.c:192] My CRON JOB YIPPEE
[26-03-26 20:55:20] [INFO] [port_mgr] [port_manager.c:192] My CRON JOB YIPPEE
[26-03-26 20:55:25] [INFO] [port_mgr] [port_manager.c:192] My CRON JOB YIPPEE
[26-03-26 20:55:30] [INFO] [port_mgr] [port_manager.c:192] My CRON JOB YIPPEE
[26-03-26 20:55:35] [INFO] [port_mgr] [port_manager.c:192] My CRON JOB YIPPEE
[26-03-26 20:55:40] [INFO] [port_mgr] [port_manager.c:192] My CRON JOB YIPPEE
[26-03-26 20:55:45] [INFO] [port_mgr] [port_manager.c:192] My CRON JOB YIPPEE
[26-03-26 20:55:50] [INFO] [port_mgr] [port_manager.c:192] My CRON JOB YIPPEE
[26-03-26 20:55:55] [INFO] [port_mgr] [port_manager.c:192] My CRON JOB YIPPEE
[26-03-26 20:56:00] [INFO] [port_mgr] [port_manager.c:192] My CRON JOB YIPPEE
[26-03-26 20:56:05] [INFO] [port_mgr] [port_manager.c:192] My CRON JOB YIPPEE
[26-03-26 20:56:10] [INFO] [port_mgr] [port_manager.c:192] My CRON JOB YIPPEE
[26-03-26 20:56:15] [INFO] [port_mgr] [port_manager.c:192] My CRON JOB YIPPEE
[26-03-26 20:56:20] [INFO] [port_mgr] [port_manager.c:192] My CRON JOB YIPPEE
[26-03-26 20:56:25] [INFO] [port_mgr] [port_manager.c:192] My CRON JOB YIPPEE
[26-03-26 20:56:30] [INFO] [port_mgr] [port_manager.c:192] My CRON JOB YIPPEE
[26-03-26 20:56:35] [INFO] [port_mgr] [port_manager.c:192] My CRON JOB YIPPEE
[26-03-26 20:56:40] [INFO] [port_mgr] [port_manager.c:192] My CRON JOB YIPPEE
[26-03-26 20:56:45] [INFO] [port_mgr] [port_manager.c:192] My CRON JOB YIPPEE
[26-03-26 20:56:50] [INFO] [port_mgr] [port_manager.c:192] My CRON JOB YIPPEE
[26-03-26 20:56:55] [INFO] [port_mgr] [port_manager.c:192] My CRON JOB YIPPEE
[26-03-26 20:57:00] [INFO] [port_mgr] [port_manager.c:192] My CRON JOB YIPPEE
[26-03-26 20:57:05] [INFO] [port_mgr] [port_manager.c:192] My CRON JOB YIPPEE
[26-03-26 20:57:10] [INFO] [port_mgr] [port_manager.c:192] My CRON JOB YIPPEE
[26-03-26 20:57:15] [INFO] [port_mgr] [port_manager.c:192] My CRON JOB YIPPEE
[26-03-26 20:57:20] [INFO] [port_mgr] [port_manager.c:192] My CRON JOB YIPPEE
[26-03-26 20:57:25] [INFO] [port_mgr] [port_manager.c:192] My CRON JOB YIPPEE
[26-03-26 20:57:30] [INFO] [port_mgr] [port_manager.c:192] My CRON JOB YIPPEE
[26-03-26 20:57:35] [INFO] [port_mgr] [port_manager.c:192] My CRON JOB YIPPEE
[26-03-26 20:57:40] [INFO] [port_mgr] [port_manager.c:192] My CRON JOB YIPPEE
[26-03-26 20:57:45] [INFO] [port_mgr] [port_manager.c:192] My CRON JOB YIPPEE
[26-03-26 20:57:50] [INFO] [port_mgr] [port_manager.c:192] My CRON JOB YIPPEE
[26-03-26 20:57:55] [INFO] [port_mgr] [port_manager.c:192] My CRON JOB YIPPEE
[26-03-26 20:58:00] [INFO] [port_mgr] [port_manager.c:192] My CRON JOB YIPPEE
[26-03-26 20:58:05] [INFO] [port_mgr] [port_manager.c:192] My CRON JOB YIPPEE
[26-03-26 20:58:10] [INFO] [port_mgr] [port_manager.c:192] My CRON JOB YIPPEE
[26-03-26 20:58:15] [INFO] [port_mgr] [port_manager.c:192] My CRON JOB YIPPEE
[26-03-26 20:58:20] [INFO] [port_mgr] [port_manager.c:192] My CRON JOB YIPPEE
[26-03-26 20:58:25] [INFO] [port_mgr] [port_manager.c:192] My CRON JOB YIPPEE
[26-03-26 20:58:30] [INFO] [port_mgr] [port_manager.c:192] My CRON JOB YIPPEE
[26-03-26 20:58:35] [INFO] [port_mgr] [port_manager.c:192] My CRON JOB YIPPEE
[26-03-26 20:58:40] [INFO] [port_mgr] [port_manager.c:192] My CRON JOB YIPPEE
[26-03-26 20:58:45] [INFO] [port_mgr] [port_manager.c:192] My CRON JOB YIPPEE
[26-03-26 20:58:50] [INFO] [port_mgr] [port_manager.c:192] My CRON JOB YIPPEE
[26-03-26 20:58:55] [INFO] [port_mgr] [port_manager.c:192] My CRON JOB YIPPEE
[26-03-26 20:59:00] [INFO] [port_mgr] [port_manager.c:192] My CRON JOB YIPPEE
[26-03-26 20:59:05] [INFO] [port_mgr] [port_manager.c:192] My CRON JOB YIPPEE
[26-03-26 20:59:10] [INFO] [port_mgr] [port_manager.c:192] My CRON JOB YIPPEE
[26-03-26 20:59:15] [INFO] [port_mgr] [port_manager.c:192] My CRON JOB YIPPEE
[26-03-26 20:59:20] [INFO] [port_mgr] [port_manager.c:192] My CRON JOB YIPPEE
[26-03-26 20:59:25] [INFO] [port_mgr] [port_manager.c:192] My CRON JOB YIPPEE
[26-03-26 20:59:30] [INFO] [port_mgr] [port_manager.c:192] My CRON JOB YIPPEE
[26-03-26 20:59:35] [INFO] [port_mgr] [port_manager.c:192] My CRON JOB YIPPEE
[26-03-26 20:59:40] [INFO] [port_mgr] [port_manager.c:192] My CRON JOB YIPPEE
[26-03-26 20:59:45] [INFO] [port_mgr] [port_manager.c:192] My CRON JOB YIPPEE
[26-03-26 20:59:50] [INFO] [port_mgr] [port_manager.c:192] My CRON JOB YIPPEE
[26-03-26 20:59:55] [INFO] [port_mgr] [port_manager.c:192] My CRON JOB YIPPEE
[26-03-26 21:00:00] [INFO] [port_mgr] [port_manager.c:192] My CRON JOB YIPPEE
[26-03-26 21:00:05] [INFO] [port_mgr] [port_manager.c:192] My CRON JOB YIPPEE
[26-03-26 21:00:10] [INFO] [port_mgr] [port_manager.c:192] My CRON JOB YIPPEE
[26-03-26 21:00:15] [INFO] [port_mgr] [port_manager.c:192] My CRON JOB YIPPEE
[26-03-26 21:00:20] [INFO] [port_mgr] [port_manager.c:192] My CRON JOB YIPPEE
[26-03-26 21:00:25] [INFO] [port_mgr] [port_manager.c:192] My CRON JOB YIPPEE
[26-03-26 21:00:30] [INFO] [port_mgr] [port_manager.c:192] My CRON JOB YIPPEE
[26-03-26 21:00:35] [INFO] [port_mgr] [port_manager.c:192] My CRON JOB YIPPEE
[26-03-26 21:00:40] [INFO] [port_mgr] [port_manager.c:192] My CRON JOB YIPPEE
[26-03-26 21:00:45] [INFO] [port_mgr] [port_manager.c:192] My CRON JOB YIPPEE
[26-03-26 21:00:50] [INFO] [port_mgr] [port_manager.c:192] My CRON JOB YIPPEE
[26-03-26 21:00:55] [INFO] [port_mgr] [port_manager.c:192] My CRON JOB YIPPEE
[26-03-26 21:01:00] [INFO] [port_mgr] [port_manager.c:192] My CRON JOB YIPPEE
[26-03-26 21:01:05] [INFO] [port_mgr] [port_manager.c:192] My CRON JOB YIPPEE
[26-03-26 21:01:10] [INFO] [port_mgr] [port_manager.c:192] My CRON JOB YIPPEE
[26-03-26 21:01:15] [INFO] [port_mgr] [port_manager.c:192] My CRON JOB YIPPEE
[26-03-26 21:01:20] [INFO] [port_mgr] [port_manager.c:192] My CRON JOB YIPPEE
[26-03-26 21:01:25] [INFO] [port_mgr] [port_manager.c:192] My CRON JOB YIPPEE
[26-03-26 21:01:30] [INFO] [port_mgr] [port_manager.c:192] My CRON JOB YIPPEE
[26-03-26 21:01:35] [INFO] [port_mgr] [port_manager.c:192] My CRON JOB YIPPEE
[26-03-26 21:01:40] [INFO] [port_mgr] [port_manager.c:192] My CRON JOB YIPPEE
[26-03-26 21:01:45] [INFO] [port_mgr] [port_manager.c:192] My CRON JOB YIPPEE
[26-03-26 21:01:50] [INFO] [port_mgr] [port_manager.c:192] My CRON JOB YIPPEE
[26-03-26 21:01:55] [INFO] [port_mgr] [port_manager.c:192] My CRON JOB YIPPEE
[26-03-26 21:02:00] [INFO] [port_mgr] [port_manager.c:192] My CRON JOB YIPPEE
[26-03-26 21:02:05] [INFO] [port_mgr] [port_manager.c:192] My CRON JOB YIPPEE
[26-03-26 21:02:10] [INFO] [port_mgr] [port_manager.c:192] My CRON JOB YIPPEE
[26-03-26 21:02:15] [INFO] [port_mgr] [port_manager.c:192] My CRON JOB YIPPEE
[26-03-26 21:02:20] [INFO] [port_mgr] [port_manager.c:192] My CRON JOB YIPPEE
[26-03-26 21:02:25] [INFO] [port_mgr] [port_manager.c:192] My CRON JOB YIPPEE
[26-03-26 21:02:30] [INFO] [port_mgr] [port_manager.c:192] My CRON JOB YIPPEE
[26-03-26 21:02:35] [INFO] [port_mgr] [port_manager.c:192] My CRON JOB YIPPEE
[26-03-26 21:02:40] [INFO] [port_mgr] [port_manager.c:192] My CRON JOB YIPPEE
[26-03-26 21:02:45] [INFO] [port_mgr] [port_manager.c:192] My CRON JOB YIPPEE
[26-03-26 21:02:50] [INFO] [port_mgr] [port_manager.c:192] My CRON JOB YIPPEE
[26-03-26 21:04:27] [INFO] [port_mgr] [port_manager.c:33] Initialized ports
[26-03-26 21:04:27] [INFO] [conn_mgr] [conn_manager.c:13] Initialize connection table
[26-03-26 21:04:27] [INFO] [traffic_mgr] [traffic_manager.c:16] Traffic stats initialized
[26-03-26 21:04:32] [INFO] [port_mgr] [port_manager.c:193] ----------------------------- HEALTH CHECK -----------------------------
[26-03-26 21:04:32] [INFO] [port_mgr] [port_manager.c:198] port_idx=0
[26-03-26 21:04:32] [INFO] [port_mgr] [port_manager.c:198] port_idx=1
[26-03-26 21:04:32] [INFO] [port_mgr] [port_manager.c:198] port_idx=2
[26-03-26 21:04:32] [INFO] [port_mgr] [port_manager.c:198] port_idx=3
[26-03-26 21:04:32] [INFO] [port_mgr] [port_manager.c:198] port_idx=4
[26-03-26 21:04:32] [INFO] [port_mgr] [port_manager.c:198] port_idx=5
[26-03-26 21:04:37] [INFO] [port_mgr] [port_manager.c:193] ----------------------------- HEALTH CHECK -----------------------------
[26-03-26 21:04:37] [INFO] [port_mgr] [port_manager.c:198] port_idx=0
[26-03-26 21:04:37] [INFO] [port_mgr] [port_manager.c:198] port_idx=1
[26-03-26 21:04:37] [INFO] [port_mgr] [port_manager.c:198] port_idx=2
[26-03-26 21:04:37] [INFO] [port_mgr] [port_manager.c:198] port_idx=3
[26-03-26 21:04:37] [INFO] [port_mgr] [port_manager.c:198] port_idx=4
[26-03-26 21:04:37] [INFO] [port_mgr] [port_manager.c:198] port_idx=5
[26-03-26 21:04:42] [INFO] [port_mgr] [port_manager.c:193] ----------------------------- HEALTH CHECK -----------------------------
[26-03-26 21:04:42] [INFO] [port_mgr] [port_manager.c:198] port_idx=0
[26-03-26 21:04:42] [INFO] [port_mgr] [port_manager.c:198] port_idx=1
[26-03-26 21:04:42] [INFO] [port_mgr] [port_manager.c:198] port_idx=2
[26-03-26 21:04:42] [INFO] [port_mgr] [port_manager.c:198] port_idx=3
[26-03-26 21:04:42] [INFO] [port_mgr] [port_manager.c:198] port_idx=4
[26-03-26 21:04:42] [INFO] [port_mgr] [port_manager.c:198] port_idx=5
[26-03-26 21:05:02] [INFO] [port_mgr] [port_manager.c:33] Initialized ports
[26-03-26 21:05:02] [INFO] [conn_mgr] [conn_manager.c:13] Initialize connection table
[26-03-26 21:05:02] [INFO] [traffic_mgr] [traffic_manager.c:16] Traffic stats initialized
[26-03-26 21:05:07] [INFO] [port_mgr] [port_manager.c:193] ----------------------------- HEALTH CHECK -----------------------------
[26-03-26 21:05:07] [INFO] [port_mgr] [port_manager.c:198] port_idx=0
[26-03-26 21:05:07] [INFO] [port_mgr] [port_manager.c:198] port_idx=1
[26-03-26 21:05:07] [INFO] [port_mgr] [port_manager.c:198] port_idx=2
[26-03-26 21:05:07] [INFO] [port_mgr] [port_manager.c:198] port_idx=3
[26-03-26 21:05:07] [INFO] [port_mgr] [port_manager.c:198] port_idx=4
[26-03-26 21:05:07] [INFO] [port_mgr] [port_manager.c:198] port_idx=5
[26-03-26 21:05:12] [INFO] [port_mgr] [port_manager.c:193] ----------------------------- HEALTH CHECK -----------------------------
[26-03-26 21:05:12] [INFO] [port_mgr] [port_manager.c:198] port_idx=0
[26-03-26 21:05:12] [INFO] [port_mgr] [port_manager.c:198] port_idx=1
[26-03-26 21:05:12] [INFO] [port_mgr] [port_manager.c:198] port_idx=2
[26-03-26 21:05:12] [INFO] [port_mgr] [port_manager.c:198] port_idx=3
[26-03-26 21:05:12] [INFO] [port_mgr] [port_manager.c:198] port_idx=4
[26-03-26 21:05:12] [INFO] [port_mgr] [port_manager.c:198] port_idx=5
[26-03-26 21:05:17] [INFO] [port_mgr] [port_manager.c:193] ----------------------------- HEALTH CHECK -----------------------------
[26-03-26 21:05:17] [INFO] [port_mgr] [port_manager.c:198] port_idx=0
[26-03-26 21:05:17] [INFO] [port_mgr] [port_manager.c:198] port_idx=1
[26-03-26 21:05:17] [INFO] [port_mgr] [port_manager.c:198] port_idx=2
[26-03-26 21:05:17] [INFO] [port_mgr] [port_manager.c:198] port_idx=3
[26-03-26 21:05:17] [INFO] [port_mgr] [port_manager.c:198] port_idx=4
[26-03-26 21:05:17] [INFO] [port_mgr] [port_manager.c:198] port_idx=5
[26-03-26 21:05:22] [INFO] [port_mgr] [port_manager.c:193] ----------------------------- HEALTH CHECK -----------------------------
[26-03-26 21:05:22] [INFO] [port_mgr] [port_manager.c:198] port_idx=0
[26-03-26 21:05:22] [INFO] [port_mgr] [port_manager.c:198] port_idx=1
[26-03-26 21:05:22] [INFO] [port_mgr] [port_manager.c:198] port_idx=2
[26-03-26 21:05:22] [INFO] [port_mgr] [port_manager.c:198] port_idx=3
[26-03-26 21:05:22] [INFO] [port_mgr] [port_manager.c:198] port_idx=4
[26-03-26 21:05:22] [INFO] [port_mgr] [port_manager.c:198] port_idx=5
[26-03-26 21:05:31] [INFO] [port_mgr] [port_manager.c:33] Initialized ports
[26-03-26 21:05:31] [INFO] [conn_mgr] [conn_manager.c:13] Initialize connection table
[26-03-26 21:05:31] [INFO] [traffic_mgr] [traffic_manager.c:16] Traffic stats initialized
[26-03-26 21:05:36] [INFO] [port_mgr] [port_manager.c:193] ----------------------------- HEALTH CHECK -----------------------------
[26-03-26 21:05:36] [INFO] [port_mgr] [port_manager.c:198] port_idx=0
[26-03-26 21:05:36] [INFO] [port_mgr] [port_manager.c:199] (LINE)
[26-03-26 21:05:36] [INFO] [port_mgr] [port_manager.c:198] port_idx=1
[26-03-26 21:05:36] [INFO] [port_mgr] [port_manager.c:199] (LINE)
[26-03-26 21:05:36] [INFO] [port_mgr] [port_manager.c:198] port_idx=2
[26-03-26 21:05:36] [INFO] [port_mgr] [port_manager.c:199] (CLIENT)
[26-03-26 21:05:36] [INFO] [port_mgr] [port_manager.c:198] port_idx=3
[26-03-26 21:05:36] [INFO] [port_mgr] [port_manager.c:199] (CLIENT)
[26-03-26 21:05:36] [INFO] [port_mgr] [port_manager.c:198] port_idx=4
[26-03-26 21:05:36] [INFO] [port_mgr] [port_manager.c:199] (CLIENT)
[26-03-26 21:05:36] [INFO] [port_mgr] [port_manager.c:198] port_idx=5
[26-03-26 21:05:36] [INFO] [port_mgr] [port_manager.c:199] (CLIENT)
[26-03-26 21:06:03] [INFO] [port_mgr] [port_manager.c:33] Initialized ports
[26-03-26 21:06:03] [INFO] [conn_mgr] [conn_manager.c:13] Initialize connection table
[26-03-26 21:06:03] [INFO] [traffic_mgr] [traffic_manager.c:16] Traffic stats initialized
[26-03-26 21:06:08] [INFO] [port_mgr] [port_manager.c:193] ----------------------------- HEALTH CHECK -----------------------------
[26-03-26 21:06:08] [INFO] [port_mgr] [port_manager.c:198] port_idx=0 ((LINE))
[26-03-26 21:06:08] [INFO] [port_mgr] [port_manager.c:202] (LINE)
[26-03-26 21:06:08] [INFO] [port_mgr] [port_manager.c:198] port_idx=1 ((LINE))
[26-03-26 21:06:08] [INFO] [port_mgr] [port_manager.c:202] (LINE)
[26-03-26 21:06:08] [INFO] [port_mgr] [port_manager.c:198] port_idx=2 ((CLIENT))
[26-03-26 21:06:08] [INFO] [port_mgr] [port_manager.c:202] (CLIENT)
[26-03-26 21:06:08] [INFO] [port_mgr] [port_manager.c:198] port_idx=3 ((CLIENT))
[26-03-26 21:06:08] [INFO] [port_mgr] [port_manager.c:202] (CLIENT)
[26-03-26 21:06:08] [INFO] [port_mgr] [port_manager.c:198] port_idx=4 ((CLIENT))
[26-03-26 21:06:08] [INFO] [port_mgr] [port_manager.c:202] (CLIENT)
[26-03-26 21:06:08] [INFO] [port_mgr] [port_manager.c:198] port_idx=5 ((CLIENT))
[26-03-26 21:06:08] [INFO] [port_mgr] [port_manager.c:202] (CLIENT)
[26-03-26 21:06:13] [INFO] [port_mgr] [port_manager.c:193] ----------------------------- HEALTH CHECK -----------------------------
[26-03-26 21:06:13] [INFO] [port_mgr] [port_manager.c:198] port_idx=0 ((LINE))
[26-03-26 21:06:13] [INFO] [port_mgr] [port_manager.c:202] (LINE)
[26-03-26 21:06:13] [INFO] [port_mgr] [port_manager.c:198] port_idx=1 ((LINE))
[26-03-26 21:06:13] [INFO] [port_mgr] [port_manager.c:202] (LINE)
[26-03-26 21:06:13] [INFO] [port_mgr] [port_manager.c:198] port_idx=2 ((CLIENT))
[26-03-26 21:06:13] [INFO] [port_mgr] [port_manager.c:202] (CLIENT)
[26-03-26 21:06:13] [INFO] [port_mgr] [port_manager.c:198] port_idx=3 ((CLIENT))
[26-03-26 21:06:13] [INFO] [port_mgr] [port_manager.c:202] (CLIENT)
[26-03-26 21:06:13] [INFO] [port_mgr] [port_manager.c:198] port_idx=4 ((CLIENT))
[26-03-26 21:06:13] [INFO] [port_mgr] [port_manager.c:202] (CLIENT)
[26-03-26 21:06:13] [INFO] [port_mgr] [port_manager.c:198] port_idx=5 ((CLIENT))
[26-03-26 21:06:13] [INFO] [port_mgr] [port_manager.c:202] (CLIENT)
[26-03-26 21:08:04] [INFO] [port_mgr] [port_manager.c:33] Initialized ports
[26-03-26 21:08:04] [INFO] [conn_mgr] [conn_manager.c:13] Initialize connection table
[26-03-26 21:08:04] [INFO] [traffic_mgr] [traffic_manager.c:16] Traffic stats initialized
[26-03-26 21:08:09] [INFO] [port_mgr] [port_manager.c:193] ----------------------------- HEALTH CHECK -----------------------------
[26-03-26 21:08:09] [INFO] [port_mgr] [port_manager.c:198] port_idx=0 (LINE) admin=DISABLED fault=NONE oper=DOWN received=0 dropped=0
[26-03-26 21:08:09] [INFO] [port_mgr] [port_manager.c:198] port_idx=1 (LINE) admin=DISABLED fault=NONE oper=DOWN received=0 dropped=0
[26-03-26 21:08:09] [INFO] [port_mgr] [port_manager.c:198] port_idx=2 (CLIENT) admin=DISABLED fault=NONE oper=DOWN received=0 dropped=0
[26-03-26 21:08:09] [INFO] [port_mgr] [port_manager.c:198] port_idx=3 (CLIENT) admin=DISABLED fault=NONE oper=DOWN received=0 dropped=0
[26-03-26 21:08:09] [INFO] [port_mgr] [port_manager.c:198] port_idx=4 (CLIENT) admin=DISABLED fault=NONE oper=DOWN received=0 dropped=0
[26-03-26 21:08:09] [INFO] [port_mgr] [port_manager.c:198] port_idx=5 (CLIENT) admin=DISABLED fault=NONE oper=DOWN received=0 dropped=0
[26-03-26 21:08:14] [INFO] [port_mgr] [port_manager.c:193] ----------------------------- HEALTH CHECK -----------------------------
[26-03-26 21:08:14] [INFO] [port_mgr] [port_manager.c:198] port_idx=0 (LINE) admin=DISABLED fault=NONE oper=DOWN received=0 dropped=0
[26-03-26 21:08:14] [INFO] [port_mgr] [port_manager.c:198] port_idx=1 (LINE) admin=DISABLED fault=NONE oper=DOWN received=0 dropped=0
[26-03-26 21:08:14] [INFO] [port_mgr] [port_manager.c:198] port_idx=2 (CLIENT) admin=DISABLED fault=NONE oper=DOWN received=0 dropped=0
[26-03-26 21:08:14] [INFO] [port_mgr] [port_manager.c:198] port_idx=3 (CLIENT) admin=DISABLED fault=NONE oper=DOWN received=0 dropped=0
[26-03-26 21:08:14] [INFO] [port_mgr] [port_manager.c:198] port_idx=4 (CLIENT) admin=DISABLED fault=NONE oper=DOWN received=0 dropped=0
[26-03-26 21:08:14] [INFO] [port_mgr] [port_manager.c:198] port_idx=5 (CLIENT) admin=DISABLED fault=NONE oper=DOWN received=0 dropped=0
[26-03-26 21:11:56] [INFO] [port_mgr] [port_manager.c:33] Initialized ports
[26-03-26 21:11:56] [INFO] [conn_mgr] [conn_manager.c:13] Initialize connection table
[26-03-26 21:11:56] [INFO] [traffic_mgr] [traffic_manager.c:16] Traffic stats initialized
[26-03-26 21:12:01] [INFO] [port_mgr] [port_manager.c:193] ----------------------------- HEALTH CHECK -----------------------------
[26-03-26 21:12:01] [INFO] [port_mgr] [port_manager.c:198] port_idx=0 (LINE) admin=Disabled fault=None oper=DOWN received=0 dropped=0
[26-03-26 21:12:01] [INFO] [port_mgr] [port_manager.c:198] port_idx=1 (LINE) admin=Disabled fault=None oper=DOWN received=0 dropped=0
[26-03-26 21:12:01] [INFO] [port_mgr] [port_manager.c:198] port_idx=2 (CLIENT) admin=Disabled fault=None oper=DOWN received=0 dropped=0
[26-03-26 21:12:01] [INFO] [port_mgr] [port_manager.c:198] port_idx=3 (CLIENT) admin=Disabled fault=None oper=DOWN received=0 dropped=0
[26-03-26 21:12:01] [INFO] [port_mgr] [port_manager.c:198] port_idx=4 (CLIENT) admin=Disabled fault=None oper=DOWN received=0 dropped=0
[26-03-26 21:12:01] [INFO] [port_mgr] [port_manager.c:198] port_idx=5 (CLIENT) admin=Disabled fault=None oper=DOWN received=0 dropped=0
[26-03-26 21:12:06] [INFO] [port_mgr] [port_manager.c:193] ----------------------------- HEALTH CHECK -----------------------------
[26-03-26 21:12:06] [INFO] [port_mgr] [port_manager.c:198] port_idx=0 (LINE) admin=Disabled fault=None oper=DOWN received=0 dropped=0
[26-03-26 21:12:06] [INFO] [port_mgr] [port_manager.c:198] port_idx=1 (LINE) admin=Disabled fault=None oper=DOWN received=0 dropped=0
[26-03-26 21:12:06] [INFO] [port_mgr] [port_manager.c:198] port_idx=2 (CLIENT) admin=Disabled fault=None oper=DOWN received=0 dropped=0
[26-03-26 21:12:06] [INFO] [port_mgr] [port_manager.c:198] port_idx=3 (CLIENT) admin=Disabled fault=None oper=DOWN received=0 dropped=0
[26-03-26 21:12:06] [INFO] [port_mgr] [port_manager.c:198] port_idx=4 (CLIENT) admin=Disabled fault=None oper=DOWN received=0 dropped=0
[26-03-26 21:12:06] [INFO] [port_mgr] [port_manager.c:198] port_idx=5 (CLIENT) admin=Disabled fault=None oper=DOWN received=0 dropped=0
[26-03-26 21:12:11] [INFO] [port_mgr] [port_manager.c:193] ----------------------------- HEALTH CHECK -----------------------------
[26-03-26 21:12:11] [INFO] [port_mgr] [port_manager.c:198] port_idx=0 (LINE) admin=Disabled fault=None oper=DOWN received=0 dropped=0
[26-03-26 21:12:11] [INFO] [port_mgr] [port_manager.c:198] port_idx=1 (LINE) admin=Disabled fault=None oper=DOWN received=0 dropped=0
[26-03-26 21:12:11] [INFO] [port_mgr] [port_manager.c:198] port_idx=2 (CLIENT) admin=Disabled fault=None oper=DOWN received=0 dropped=0
[26-03-26 21:12:11] [INFO] [port_mgr] [port_manager.c:198] port_idx=3 (CLIENT) admin=Disabled fault=None oper=DOWN received=0 dropped=0
[26-03-26 21:12:11] [INFO] [port_mgr] [port_manager.c:198] port_idx=4 (CLIENT) admin=Disabled fault=None oper=DOWN received=0 dropped=0
[26-03-26 21:12:11] [INFO] [port_mgr] [port_manager.c:198] port_idx=5 (CLIENT) admin=Disabled fault=None oper=DOWN received=0 dropped=0
[26-03-26 21:12:16] [INFO] [port_mgr] [port_manager.c:193] ----------------------------- HEALTH CHECK -----------------------------
[26-03-26 21:12:16] [INFO] [port_mgr] [port_manager.c:198] port_idx=0 (LINE) admin=Disabled fault=None oper=DOWN received=0 dropped=0
[26-03-26 21:12:16] [INFO] [port_mgr] [port_manager.c:198] port_idx=1 (LINE) admin=Disabled fault=None oper=DOWN received=0 dropped=0
[26-03-26 21:12:16] [INFO] [port_mgr] [port_manager.c:198] port_idx=2 (CLIENT) admin=Disabled fault=None oper=DOWN received=0 dropped=0
[26-03-26 21:12:16] [INFO] [port_mgr] [port_manager.c:198] port_idx=3 (CLIENT) admin=Disabled fault=None oper=DOWN received=0 dropped=0
[26-03-26 21:12:16] [INFO] [port_mgr] [port_manager.c:198] port_idx=4 (CLIENT) admin=Disabled fault=None oper=DOWN received=0 dropped=0
[26-03-26 21:12:16] [INFO] [port_mgr] [port_manager.c:198] port_idx=5 (CLIENT) admin=Disabled fault=None oper=DOWN received=0 dropped=0
[26-03-26 21:12:21] [INFO] [port_mgr] [port_manager.c:193] ----------------------------- HEALTH CHECK -----------------------------
[26-03-26 21:12:21] [INFO] [port_mgr] [port_manager.c:198] port_idx=0 (LINE) admin=Disabled fault=None oper=DOWN received=0 dropped=0
[26-03-26 21:12:21] [INFO] [port_mgr] [port_manager.c:198] port_idx=1 (LINE) admin=Disabled fault=None oper=DOWN received=0 dropped=0
[26-03-26 21:12:21] [INFO] [port_mgr] [port_manager.c:198] port_idx=2 (CLIENT) admin=Disabled fault=None oper=DOWN received=0 dropped=0
[26-03-26 21:12:21] [INFO] [port_mgr] [port_manager.c:198] port_idx=3 (CLIENT) admin=Disabled fault=None oper=DOWN received=0 dropped=0
[26-03-26 21:12:21] [INFO] [port_mgr] [port_manager.c:198] port_idx=4 (CLIENT) admin=Disabled fault=None oper=DOWN received=0 dropped=0
[26-03-26 21:12:21] [INFO] [port_mgr] [port_manager.c:198] port_idx=5 (CLIENT) admin=Disabled fault=None oper=DOWN received=0 dropped=0
[26-03-26 21:12:26] [INFO] [port_mgr] [port_manager.c:193] ----------------------------- HEALTH CHECK -----------------------------
[26-03-26 21:12:26] [INFO] [port_mgr] [port_manager.c:198] port_idx=0 (LINE) admin=Disabled fault=None oper=DOWN received=0 dropped=0
[26-03-26 21:12:26] [INFO] [port_mgr] [port_manager.c:198] port_idx=1 (LINE) admin=Disabled fault=None oper=DOWN received=0 dropped=0
[26-03-26 21:12:26] [INFO] [port_mgr] [port_manager.c:198] port_idx=2 (CLIENT) admin=Disabled fault=None oper=DOWN received=0 dropped=0
[26-03-26 21:12:26] [INFO] [port_mgr] [port_manager.c:198] port_idx=3 (CLIENT) admin=Disabled fault=None oper=DOWN received=0 dropped=0
[26-03-26 21:12:26] [INFO] [port_mgr] [port_manager.c:198] port_idx=4 (CLIENT) admin=Disabled fault=None oper=DOWN received=0 dropped=0
[26-03-26 21:12:26] [INFO] [port_mgr] [port_manager.c:198] port_idx=5 (CLIENT) admin=Disabled fault=None oper=DOWN received=0 dropped=0
[26-03-26 21:12:31] [INFO] [port_mgr] [port_manager.c:193] ----------------------------- HEALTH CHECK -----------------------------
[26-03-26 21:12:31] [INFO] [port_mgr] [port_manager.c:198] port_idx=0 (LINE) admin=Disabled fault=None oper=DOWN received=0 dropped=0
[26-03-26 21:12:31] [INFO] [port_mgr] [port_manager.c:198] port_idx=1 (LINE) admin=Disabled fault=None oper=DOWN received=0 dropped=0
[26-03-26 21:12:31] [INFO] [port_mgr] [port_manager.c:198] port_idx=2 (CLIENT) admin=Disabled fault=None oper=DOWN received=0 dropped=0
[26-03-26 21:12:31] [INFO] [port_mgr] [port_manager.c:198] port_idx=3 (CLIENT) admin=Disabled fault=None oper=DOWN received=0 dropped=0
[26-03-26 21:12:31] [INFO] [port_mgr] [port_manager.c:198] port_idx=4 (CLIENT) admin=Disabled fault=None oper=DOWN received=0 dropped=0
[26-03-26 21:12:31] [INFO] [port_mgr] [port_manager.c:198] port_idx=5 (CLIENT) admin=Disabled fault=None oper=DOWN received=0 dropped=0
[26-03-26 21:12:36] [INFO] [port_mgr] [port_manager.c:193] ----------------------------- HEALTH CHECK -----------------------------
[26-03-26 21:12:36] [INFO] [port_mgr] [port_manager.c:198] port_idx=0 (LINE) admin=Disabled fault=None oper=DOWN received=0 dropped=0
[26-03-26 21:12:36] [INFO] [port_mgr] [port_manager.c:198] port_idx=1 (LINE) admin=Disabled fault=None oper=DOWN received=0 dropped=0
[26-03-26 21:12:36] [INFO] [port_mgr] [port_manager.c:198] port_idx=2 (CLIENT) admin=Disabled fault=None oper=DOWN received=0 dropped=0
[26-03-26 21:12:36] [INFO] [port_mgr] [port_manager.c:198] port_idx=3 (CLIENT) admin=Disabled fault=None oper=DOWN received=0 dropped=0
[26-03-26 21:12:36] [INFO] [port_mgr] [port_manager.c:198] port_idx=4 (CLIENT) admin=Disabled fault=None oper=DOWN received=0 dropped=0
[26-03-26 21:12:36] [INFO] [port_mgr] [port_manager.c:198] port_idx=5 (CLIENT) admin=Disabled fault=None oper=DOWN received=0 dropped=0
[26-03-26 21:12:41] [INFO] [port_mgr] [port_manager.c:193] ----------------------------- HEALTH CHECK -----------------------------
[26-03-26 21:12:41] [INFO] [port_mgr] [port_manager.c:198] port_idx=0 (LINE) admin=Disabled fault=None oper=DOWN received=0 dropped=0
[26-03-26 21:12:41] [INFO] [port_mgr] [port_manager.c:198] port_idx=1 (LINE) admin=Disabled fault=None oper=DOWN received=0 dropped=0
[26-03-26 21:12:41] [INFO] [port_mgr] [port_manager.c:198] port_idx=2 (CLIENT) admin=Disabled fault=None oper=DOWN received=0 dropped=0
[26-03-26 21:12:41] [INFO] [port_mgr] [port_manager.c:198] port_idx=3 (CLIENT) admin=Disabled fault=None oper=DOWN received=0 dropped=0
[26-03-26 21:12:41] [INFO] [port_mgr] [port_manager.c:198] port_idx=4 (CLIENT) admin=Disabled fault=None oper=DOWN received=0 dropped=0
[26-03-26 21:12:41] [INFO] [port_mgr] [port_manager.c:198] port_idx=5 (CLIENT) admin=Disabled fault=None oper=DOWN received=0 dropped=0
[26-03-26 21:12:46] [INFO] [port_mgr] [port_manager.c:193] ----------------------------- HEALTH CHECK -----------------------------
[26-03-26 21:12:46] [INFO] [port_mgr] [port_manager.c:198] port_idx=0 (LINE) admin=Disabled fault=None oper=DOWN received=0 dropped=0
[26-03-26 21:12:46] [INFO] [port_mgr] [port_manager.c:198] port_idx=1 (LINE) admin=Disabled fault=None oper=DOWN received=0 dropped=0
[26-03-26 21:12:46] [INFO] [port_mgr] [port_manager.c:198] port_idx=2 (CLIENT) admin=Disabled fault=None oper=DOWN received=0 dropped=0
[26-03-26 21:12:46] [INFO] [port_mgr] [port_manager.c:198] port_idx=3 (CLIENT) admin=Disabled fault=None oper=DOWN received=0 dropped=0
[26-03-26 21:12:46] [INFO] [port_mgr] [port_manager.c:198] port_idx=4 (CLIENT) admin=Disabled fault=None oper=DOWN received=0 dropped=0
[26-03-26 21:12:46] [INFO] [port_mgr] [port_manager.c:198] port_idx=5 (CLIENT) admin=Disabled fault=None oper=DOWN received=0 dropped=0
[26-03-26 21:12:51] [INFO] [port_mgr] [port_manager.c:193] ----------------------------- HEALTH CHECK -----------------------------
[26-03-26 21:12:51] [INFO] [port_mgr] [port_manager.c:198] port_idx=0 (LINE) admin=Disabled fault=None oper=DOWN received=0 dropped=0
[26-03-26 21:12:51] [INFO] [port_mgr] [port_manager.c:198] port_idx=1 (LINE) admin=Disabled fault=None oper=DOWN received=0 dropped=0
[26-03-26 21:12:51] [INFO] [port_mgr] [port_manager.c:198] port_idx=2 (CLIENT) admin=Disabled fault=None oper=DOWN received=0 dropped=0
[26-03-26 21:12:51] [INFO] [port_mgr] [port_manager.c:198] port_idx=3 (CLIENT) admin=Disabled fault=None oper=DOWN received=0 dropped=0
[26-03-26 21:12:51] [INFO] [port_mgr] [port_manager.c:198] port_idx=4 (CLIENT) admin=Disabled fault=None oper=DOWN received=0 dropped=0
[26-03-26 21:12:51] [INFO] [port_mgr] [port_manager.c:198] port_idx=5 (CLIENT) admin=Disabled fault=None oper=DOWN received=0 dropped=0
[26-03-26 21:12:56] [INFO] [port_mgr] [port_manager.c:193] ----------------------------- HEALTH CHECK -----------------------------
[26-03-26 21:12:56] [INFO] [port_mgr] [port_manager.c:198] port_idx=0 (LINE) admin=Disabled fault=None oper=DOWN received=0 dropped=0
[26-03-26 21:12:56] [INFO] [port_mgr] [port_manager.c:198] port_idx=1 (LINE) admin=Disabled fault=None oper=DOWN received=0 dropped=0
[26-03-26 21:12:56] [INFO] [port_mgr] [port_manager.c:198] port_idx=2 (CLIENT) admin=Disabled fault=None oper=DOWN received=0 dropped=0
[26-03-26 21:12:56] [INFO] [port_mgr] [port_manager.c:198] port_idx=3 (CLIENT) admin=Disabled fault=None oper=DOWN received=0 dropped=0
[26-03-26 21:12:56] [INFO] [port_mgr] [port_manager.c:198] port_idx=4 (CLIENT) admin=Disabled fault=None oper=DOWN received=0 dropped=0
[26-03-26 21:12:56] [INFO] [port_mgr] [port_manager.c:198] port_idx=5 (CLIENT) admin=Disabled fault=None oper=DOWN received=0 dropped=0
[26-03-26 21:13:01] [INFO] [port_mgr] [port_manager.c:193] ----------------------------- HEALTH CHECK -----------------------------
[26-03-26 21:13:01] [INFO] [port_mgr] [port_manager.c:198] port_idx=0 (LINE) admin=Disabled fault=None oper=DOWN received=0 dropped=0
[26-03-26 21:13:01] [INFO] [port_mgr] [port_manager.c:198] port_idx=1 (LINE) admin=Disabled fault=None oper=DOWN received=0 dropped=0
[26-03-26 21:13:01] [INFO] [port_mgr] [port_manager.c:198] port_idx=2 (CLIENT) admin=Disabled fault=None oper=DOWN received=0 dropped=0
[26-03-26 21:13:01] [INFO] [port_mgr] [port_manager.c:198] port_idx=3 (CLIENT) admin=Disabled fault=None oper=DOWN received=0 dropped=0
[26-03-26 21:13:01] [INFO] [port_mgr] [port_manager.c:198] port_idx=4 (CLIENT) admin=Disabled fault=None oper=DOWN received=0 dropped=0
[26-03-26 21:13:01] [INFO] [port_mgr] [port_manager.c:198] port_idx=5 (CLIENT) admin=Disabled fault=None oper=DOWN received=0 dropped=0
[26-03-26 21:13:06] [INFO] [port_mgr] [port_manager.c:193] ----------------------------- HEALTH CHECK -----------------------------
[26-03-26 21:13:06] [INFO] [port_mgr] [port_manager.c:198] port_idx=0 (LINE) admin=Disabled fault=None oper=DOWN received=0 dropped=0
[26-03-26 21:13:06] [INFO] [port_mgr] [port_manager.c:198] port_idx=1 (LINE) admin=Disabled fault=None oper=DOWN received=0 dropped=0
[26-03-26 21:13:06] [INFO] [port_mgr] [port_manager.c:198] port_idx=2 (CLIENT) admin=Disabled fault=None oper=DOWN received=0 dropped=0
[26-03-26 21:13:06] [INFO] [port_mgr] [port_manager.c:198] port_idx=3 (CLIENT) admin=Disabled fault=None oper=DOWN received=0 dropped=0
[26-03-26 21:13:06] [INFO] [port_mgr] [port_manager.c:198] port_idx=4 (CLIENT) admin=Disabled fault=None oper=DOWN received=0 dropped=0
[26-03-26 21:13:06] [INFO] [port_mgr] [port_manager.c:198] port_idx=5 (CLIENT) admin=Disabled fault=None oper=DOWN received=0 dropped=0
[26-03-26 21:13:11] [INFO] [port_mgr] [port_manager.c:193] ----------------------------- HEALTH CHECK -----------------------------
[26-03-26 21:13:11] [INFO] [port_mgr] [port_manager.c:198] port_idx=0 (LINE) admin=Disabled fault=None oper=DOWN received=0 dropped=0
[26-03-26 21:13:11] [INFO] [port_mgr] [port_manager.c:198] port_idx=1 (LINE) admin=Disabled fault=None oper=DOWN received=0 dropped=0
[26-03-26 21:13:11] [INFO] [port_mgr] [port_manager.c:198] port_idx=2 (CLIENT) admin=Disabled fault=None oper=DOWN received=0 dropped=0
[26-03-26 21:13:11] [INFO] [port_mgr] [port_manager.c:198] port_idx=3 (CLIENT) admin=Disabled fault=None oper=DOWN received=0 dropped=0
[26-03-26 21:13:11] [INFO] [port_mgr] [port_manager.c:198] port_idx=4 (CLIENT) admin=Disabled fault=None oper=DOWN received=0 dropped=0
[26-03-26 21:13:11] [INFO] [port_mgr] [port_manager.c:198] port_idx=5 (CLIENT) admin=Disabled fault=None oper=DOWN received=0 dropped=0
[26-03-26 21:13:16] [INFO] [port_mgr] [port_manager.c:193] ----------------------------- HEALTH CHECK -----------------------------
[26-03-26 21:13:16] [INFO] [port_mgr] [port_manager.c:198] port_idx=0 (LINE) admin=Disabled fault=None oper=DOWN received=0 dropped=0
[26-03-26 21:13:16] [INFO] [port_mgr] [port_manager.c:198] port_idx=1 (LINE) admin=Disabled fault=None oper=DOWN received=0 dropped=0
[26-03-26 21:13:16] [INFO] [port_mgr] [port_manager.c:198] port_idx=2 (CLIENT) admin=Disabled fault=None oper=DOWN received=0 dropped=0
[26-03-26 21:13:16] [INFO] [port_mgr] [port_manager.c:198] port_idx=3 (CLIENT) admin=Disabled fault=None oper=DOWN received=0 dropped=0
[26-03-26 21:13:16] [INFO] [port_mgr] [port_manager.c:198] port_idx=4 (CLIENT) admin=Disabled fault=None oper=DOWN received=0 dropped=0
[26-03-26 21:13:16] [INFO] [port_mgr] [port_manager.c:198] port_idx=5 (CLIENT) admin=Disabled fault=None oper=DOWN received=0 dropped=0
[26-03-26 21:13:21] [INFO] [port_mgr] [port_manager.c:193] ----------------------------- HEALTH CHECK -----------------------------
[26-03-26 21:13:21] [INFO] [port_mgr] [port_manager.c:198] port_idx=0 (LINE) admin=Disabled fault=None oper=DOWN received=0 dropped=0
[26-03-26 21:13:21] [INFO] [port_mgr] [port_manager.c:198] port_idx=1 (LINE) admin=Disabled fault=None oper=DOWN received=0 dropped=0
[26-03-26 21:13:21] [INFO] [port_mgr] [port_manager.c:198] port_idx=2 (CLIENT) admin=Disabled fault=None oper=DOWN received=0 dropped=0
[26-03-26 21:13:21] [INFO] [port_mgr] [port_manager.c:198] port_idx=3 (CLIENT) admin=Disabled fault=None oper=DOWN received=0 dropped=0
[26-03-26 21:13:21] [INFO] [port_mgr] [port_manager.c:198] port_idx=4 (CLIENT) admin=Disabled fault=None oper=DOWN received=0 dropped=0
[26-03-26 21:13:21] [INFO] [port_mgr] [port_manager.c:198] port_idx=5 (CLIENT) admin=Disabled fault=None oper=DOWN received=0 dropped=0
[26-03-26 21:13:26] [INFO] [port_mgr] [port_manager.c:193] ----------------------------- HEALTH CHECK -----------------------------
[26-03-26 21:13:26] [INFO] [port_mgr] [port_manager.c:198] port_idx=0 (LINE) admin=Disabled fault=None oper=DOWN received=0 dropped=0
[26-03-26 21:13:26] [INFO] [port_mgr] [port_manager.c:198] port_idx=1 (LINE) admin=Disabled fault=None oper=DOWN received=0 dropped=0
[26-03-26 21:13:26] [INFO] [port_mgr] [port_manager.c:198] port_idx=2 (CLIENT) admin=Disabled fault=None oper=DOWN received=0 dropped=0
[26-03-26 21:13:26] [INFO] [port_mgr] [port_manager.c:198] port_idx=3 (CLIENT) admin=Disabled fault=None oper=DOWN received=0 dropped=0
[26-03-26 21:13:26] [INFO] [port_mgr] [port_manager.c:198] port_idx=4 (CLIENT) admin=Disabled fault=None oper=DOWN received=0 dropped=0
[26-03-26 21:13:26] [INFO] [port_mgr] [port_manager.c:198] port_idx=5 (CLIENT) admin=Disabled fault=None oper=DOWN received=0 dropped=0
[26-03-26 21:13:29] [INFO] [port_mgr] [port_manager.c:33] Initialized ports
[26-03-26 21:13:29] [INFO] [conn_mgr] [conn_manager.c:13] Initialize connection table
[26-03-26 21:13:29] [INFO] [traffic_mgr] [traffic_manager.c:16] Traffic stats initialized
[26-03-26 21:13:34] [INFO] [port_mgr] [port_manager.c:192] ----------------------------- HEALTH CHECK -----------------------------
[26-03-26 21:13:34] [INFO] [port_mgr] [port_manager.c:196] port_idx=0 (LINE) admin=Disabled fault=None oper=DOWN received=0 dropped=0
[26-03-26 21:13:34] [INFO] [port_mgr] [port_manager.c:196] port_idx=1 (LINE) admin=Disabled fault=None oper=DOWN received=0 dropped=0
[26-03-26 21:13:34] [INFO] [port_mgr] [port_manager.c:196] port_idx=2 (CLIENT) admin=Disabled fault=None oper=DOWN received=0 dropped=0
[26-03-26 21:13:34] [INFO] [port_mgr] [port_manager.c:196] port_idx=3 (CLIENT) admin=Disabled fault=None oper=DOWN received=0 dropped=0
[26-03-26 21:13:34] [INFO] [port_mgr] [port_manager.c:196] port_idx=4 (CLIENT) admin=Disabled fault=None oper=DOWN received=0 dropped=0
[26-03-26 21:13:34] [INFO] [port_mgr] [port_manager.c:196] port_idx=5 (CLIENT) admin=Disabled fault=None oper=DOWN received=0 dropped=0
[26-03-26 21:13:39] [INFO] [port_mgr] [port_manager.c:192] ----------------------------- HEALTH CHECK -----------------------------
[26-03-26 21:13:39] [INFO] [port_mgr] [port_manager.c:196] port_idx=0 (LINE) admin=Disabled fault=None oper=DOWN received=0 dropped=0
[26-03-26 21:13:39] [INFO] [port_mgr] [port_manager.c:196] port_idx=1 (LINE) admin=Disabled fault=None oper=DOWN received=0 dropped=0
[26-03-26 21:13:39] [INFO] [port_mgr] [port_manager.c:196] port_idx=2 (CLIENT) admin=Disabled fault=None oper=DOWN received=0 dropped=0
[26-03-26 21:13:39] [INFO] [port_mgr] [port_manager.c:196] port_idx=3 (CLIENT) admin=Disabled fault=None oper=DOWN received=0 dropped=0
[26-03-26 21:13:39] [INFO] [port_mgr] [port_manager.c:196] port_idx=4 (CLIENT) admin=Disabled fault=None oper=DOWN received=0 dropped=0
[26-03-26 21:13:39] [INFO] [port_mgr] [port_manager.c:196] port_idx=5 (CLIENT) admin=Disabled fault=None oper=DOWN received=0 dropped=0
